[15:54:17] [Client thread/INFO]: Setting user: Player209
[15:54:20] [Client thread/INFO]: LWJGL Version: 2.9.4
[15:54:24] [Client thread/INFO]: Reloading ResourceManager: Default, FMLFileResourcePack:Forge Mod Loader, FMLFileResourcePack:Minecraft Forge, FMLFileResourcePack:Example Mod
[15:54:26] [Sound Library Loader/INFO]: Starting up SoundSystem...
[15:54:26] [Thread-8/INFO]: Initializing LWJGL OpenAL
[15:54:26] [Thread-8/INFO]: (The LWJGL binding of OpenAL.  For more information, see http://www.lwjgl.org)
[15:54:26] [Thread-8/INFO]: OpenAL initialized.
[15:54:27] [Sound Library Loader/INFO]: Sound engine started
[15:54:29] [Client thread/INFO]: Created: 16x16 textures-atlas
[15:54:31] [Client thread/INFO]: Reloading ResourceManager: Default, FMLFileResourcePack:Forge Mod Loader, FMLFileResourcePack:Minecraft Forge, FMLFileResourcePack:Example Mod
[15:54:32] [Client thread/INFO]: SoundSystem shutting down...
[15:54:32] [Client thread/WARN]: Author: Paul Lamb, www.paulscode.com
[15:54:32] [Sound Library Loader/INFO]: Starting up SoundSystem...
[15:54:33] [Thread-10/INFO]: Initializing LWJGL OpenAL
[15:54:33] [Thread-10/INFO]: (The LWJGL binding of OpenAL.  For more information, see http://www.lwjgl.org)
[15:54:33] [Thread-10/INFO]: OpenAL initialized.
[15:54:33] [Sound Library Loader/INFO]: Sound engine started
[15:54:35] [Client thread/INFO]: Created: 512x512 textures-atlas
[15:54:37] [Realms Notification Availability checker #1/INFO]: Could not authorize you against Realms server: Invalid session id
[15:55:38] [Client thread/INFO]: Stopping!
[15:55:38] [Client thread/INFO]: SoundSystem shutting down...
[15:55:39] [Client thread/WARN]: Author: Paul Lamb, www.paulscode.com
